<?xml version="1.0" encoding="UTF-8"?>
<!-- Generated by org.testng.reporters.JUnitReportReporter -->
<testsuite name="com.qmetry.qaf.automation.step.client.Scenario" tests="1" time="49.139" ignored="0" failures="0" timestamp="22 Feb 2018 07:53:35 GMT" skipped="0" hostname="ICPL11528" errors="1">
  <testcase name="OrbitzTest" time="49.139" classname="com.qmetry.qaf.automation.step.client.Scenario">
    <error/>
  </testcase> <!-- OrbitzTest -->
</testsuite> <!-- com.qmetry.qaf.automation.step.client.Scenario -->
