<?xml version="1.0" encoding="UTF-8"?>
<!-- Generated by org.testng.reporters.JUnitReportReporter -->
<testsuite name="com.orbit.pages.TestPage" tests="1" time="27.996" ignored="0" failures="0" timestamp="20 Feb 2018 11:50:27 GMT" skipped="0" hostname="ICPL11528" errors="0">
  <testcase name="checkTestOrder" time="27.996" classname="com.orbit.pages.TestPage"/>
</testsuite> <!-- com.orbit.pages.TestPage -->
