<?xml version="1.0" encoding="UTF-8"?>
<!-- Generated by org.testng.reporters.JUnitReportReporter -->
<testsuite name="com.orbitz.pages.TestPage" tests="1" time="16.724" ignored="0" failures="0" timestamp="20 Feb 2018 12:05:46 GMT" skipped="0" hostname="ICPL11528" errors="0">
  <testcase name="bookFlightTest" time="16.724" classname="com.orbitz.pages.TestPage"/>
</testsuite> <!-- com.orbitz.pages.TestPage -->
