<?xml version="1.0" encoding="UTF-8"?>
<!-- Generated by org.testng.reporters.JUnitReportReporter -->
<testsuite name="com.qmetry.qaf.automation.step.client.DataDrivenScenario" tests="1" time="72.640" ignored="1" failures="0" timestamp="26 Feb 2018 09:31:47 GMT" skipped="0" hostname="ICPL11528" errors="1">
  <testcase name="orbitz" time="72.640" classname="com.qmetry.qaf.automation.step.client.DataDrivenScenario">
    <error/>
  </testcase> <!-- orbitz -->
  <testcase name="orbitz" classname="com.qmetry.qaf.automation.step.client.DataDrivenScenario">
    <skipped/>
  </testcase> <!-- orbitz -->
</testsuite> <!-- com.qmetry.qaf.automation.step.client.DataDrivenScenario -->
